<?xml version="1.0" encoding="UTF-8"?>
<!-- Generated by org.testng.reporters.JUnitReportReporter -->
<testsuite hostname="5410-TI12897" failures="0" tests="1" name="com.qa.alias.tests.TC003_verify_user_is_able_to_add_number_of_products_to_PDP_details_to_excel_with_sell_data" time="560.701" errors="0" timestamp="2024-11-06T21:30:47 IST" skipped="0">
  <testcase classname="com.qa.alias.tests.TC003_verify_user_is_able_to_add_number_of_products_to_PDP_details_to_excel_with_sell_data" name="verifyUserIsAbleToAddPDPDetailsToExcel" time="560.701"/>
</testsuite> <!-- com.qa.alias.tests.TC003_verify_user_is_able_to_add_number_of_products_to_PDP_details_to_excel_with_sell_data -->
