<?xml version="1.0" encoding="UTF-8"?>
<!-- Generated by org.testng.reporters.JUnitReportReporter -->
<testsuite hostname="5410-TI12897" failures="0" tests="1" name="com.qa.alias.tests.TC001_verify_user_is_able_to_add_PDP_details_to_excel" time="100.855" errors="0" timestamp="2024-11-07T13:02:52 IST" skipped="0">
  <testcase classname="com.qa.alias.tests.TC001_verify_user_is_able_to_add_PDP_details_to_excel" name="verifyUserIsAbleToAddPDPDetailsToExcel" time="100.855"/>
</testsuite> <!-- com.qa.alias.tests.TC001_verify_user_is_able_to_add_PDP_details_to_excel -->
